\BOOKMARK [1][-]{section.1}{\376\377\000M\000i\000c\000r\000o\000a\000r\000r\000a\000y}{}% 1
\BOOKMARK [1][-]{section.2}{\376\377\000L\000o\000a\000d\000i\000n\000g\000\040\000l\000i\000b\000r\000a\000r\000i\000e\000s}{}% 2
\BOOKMARK [1][-]{section.3}{\376\377\000L\000o\000a\000d\000i\000n\000g\000\040\000t\000h\000e\000\040\000G\000S\000E\0004\0008\0005\0005\0008\000\040\000s\000e\000r\000i\000e\000s}{}% 3
\BOOKMARK [1][-]{section.4}{\376\377\000S\000e\000l\000e\000c\000t\000i\000n\000g\000\040\000p\000r\000o\000p\000e\000r\000\040\000s\000a\000m\000p\000l\000e\000s}{}% 4
\BOOKMARK [1][-]{section.5}{\376\377\000D\000a\000t\000a\000\040\000Q\000u\000a\000l\000i\000t\000y\000\040\000C\000o\000n\000t\000r\000o\000l}{}% 5
\BOOKMARK [2][-]{subsection.5.1}{\376\377\000N\000o\000r\000m\000a\000l\000i\000z\000a\000t\000i\000o\000n}{section.5}% 6
\BOOKMARK [3][-]{subsubsection.5.1.1}{\376\377\000L\000o\000g\000\040\000T\000r\000a\000n\000s\000f\000o\000r\000m\000a\000t\000i\000o\000n}{subsection.5.1}% 7
\BOOKMARK [3][-]{subsubsection.5.1.2}{\376\377\000P\000l\000o\000t\000t\000i\000n\000g\000\040\000t\000h\000e\000\040\000e\000x\000p\000r\000e\000s\000s\000i\000o\000n\000\040\000m\000a\000t\000r\000i\000x}{subsection.5.1}% 8
\BOOKMARK [2][-]{subsection.5.2}{\376\377\000D\000i\000m\000e\000n\000s\000i\000o\000n\000a\000l\000i\000t\000y\000\040\000R\000e\000d\000u\000c\000t\000i\000o\000n}{section.5}% 9
\BOOKMARK [3][-]{subsubsection.5.2.1}{\376\377\000P\000r\000i\000n\000c\000i\000p\000a\000l\000\040\000C\000o\000m\000p\000o\000n\000e\000n\000t\000\040\000A\000n\000a\000l\000y\000s\000i\000s\000\040\000\050\000P\000C\000A\000\051}{subsection.5.2}% 10
\BOOKMARK [3][-]{subsubsection.5.2.2}{\376\377\000t\000-\000d\000i\000s\000t\000r\000i\000b\000u\000t\000e\000d\000\040\000s\000t\000o\000c\000h\000a\000s\000t\000i\000c\000\040\000n\000e\000i\000g\000h\000b\000o\000r\000\040\000e\000m\000b\000e\000d\000d\000i\000n\000g\000\040\000\050\000t\000S\000N\000E\000\051}{subsection.5.2}% 11
\BOOKMARK [3][-]{subsubsection.5.2.3}{\376\377\000M\000u\000l\000t\000i\000d\000i\000m\000e\000n\000s\000i\000o\000n\000a\000l\000\040\000s\000c\000a\000l\000i\000n\000g\000\040\000\050\000M\000D\000S\000\051}{subsection.5.2}% 12
\BOOKMARK [3][-]{subsubsection.5.2.4}{\376\377\000P\000C\000A\000\040\000v\000s\000.\000\040\000t\000S\000N\000E\000\040\000v\000s\000.\000\040\000M\000D\000S}{subsection.5.2}% 13
\BOOKMARK [2][-]{subsection.5.3}{\376\377\000C\000o\000r\000r\000e\000l\000a\000t\000i\000o\000n\000\040\000b\000e\000t\000w\000e\000e\000n\000\040\000s\000a\000m\000p\000l\000e\000s}{section.5}% 14
\BOOKMARK [1][-]{section.6}{\376\377\000D\000i\000f\000f\000e\000r\000e\000n\000t\000i\000a\000l\000\040\000e\000x\000p\000r\000e\000s\000s\000i\000o\000n\000\040\000a\000n\000a\000l\000y\000s\000i\000s}{}% 15
\BOOKMARK [2][-]{subsection.6.1}{\376\377\000F\000i\000t\000t\000i\000n\000g\000\040\000a\000\040\000l\000i\000n\000e\000a\000r\000\040\000m\000o\000d\000e\000l\000\040\000t\000o\000\040\000t\000h\000e\000\040\000d\000a\000t\000a}{section.6}% 16
\BOOKMARK [2][-]{subsection.6.2}{\376\377\000T\000o\000p\000-\000r\000a\000n\000k\000e\000d\000\040\000g\000e\000n\000e\000s}{section.6}% 17
\BOOKMARK [3][-]{subsubsection.6.2.1}{\376\377\000A\000M\000L\000\040\000u\000p\000\040\000g\000e\000n\000e\000s}{subsection.6.2}% 18
\BOOKMARK [3][-]{subsubsection.6.2.2}{\376\377\000A\000M\000L\000\040\000d\000o\000w\000n\000\040\000g\000e\000n\000e\000s}{subsection.6.2}% 19
\BOOKMARK [2][-]{subsection.6.3}{\376\377\000T\000r\000a\000n\000s\000c\000r\000i\000p\000t\000i\000o\000n\000\040\000A\000n\000a\000l\000y\000s\000i\000s}{section.6}% 20
\BOOKMARK [2][-]{subsection.6.4}{\376\377\000P\000a\000t\000h\000w\000a\000y\000\040\000A\000n\000a\000l\000y\000s\000i\000s}{section.6}% 21
\BOOKMARK [2][-]{subsection.6.5}{\376\377\000G\000e\000n\000e\000\040\000O\000n\000t\000o\000l\000o\000g\000y\000\040\000A\000n\000a\000l\000y\000s\000i\000s}{section.6}% 22
\BOOKMARK [2][-]{subsection.6.6}{\376\377\000V\000a\000l\000i\000d\000a\000t\000i\000o\000n}{section.6}% 23
\BOOKMARK [3][-]{subsubsection.6.6.1}{\376\377\000F\000O\000X\000M\0001}{subsection.6.6}% 24
\BOOKMARK [3][-]{subsubsection.6.6.2}{\376\377\000E\0002\000F\0004}{subsection.6.6}% 25
\BOOKMARK [3][-]{subsubsection.6.6.3}{\376\377\000T\000\040\000C\000e\000l\000l\000\040\000R\000e\000c\000e\000p\000t\000o\000r}{subsection.6.6}% 26
\BOOKMARK [3][-]{subsubsection.6.6.4}{\376\377\000P\000h\000a\000g\000o\000s\000o\000m\000e}{subsection.6.6}% 27
\BOOKMARK [2][-]{subsection.6.7}{\376\377\000R\000e\000l\000a\000t\000e\000d\000\040\000D\000r\000u\000g\000s}{section.6}% 28
\BOOKMARK [3][-]{subsubsection.6.7.1}{\376\377\000Q\000u\000i\000z\000a\000r\000t\000i\000n\000i\000b\000\040\000a\000n\000d\000\040\000C\000r\000e\000n\000o\000l\000a\000n\000i\000b\000:\000\040\000F\000L\000T\0003\000\040\000I\000n\000h\000i\000b\000i\000t\000o\000r\000s}{subsection.6.7}% 29
\BOOKMARK [3][-]{subsubsection.6.7.2}{\376\377\000V\000e\000n\000e\000t\000o\000c\000l\000a\000x\000:\000\040\000B\000C\000L\000-\0002\000\040\000i\000n\000h\000i\000b\000i\000t\000o\000r\000s}{subsection.6.7}% 30
\BOOKMARK [1][-]{section.7}{\376\377\000R\000e\000f\000e\000r\000e\000n\000c\000e\000s}{}% 31
